::1 - - [05/Oct/2024:06:18:12 +0000] "GET /api/products/categorywise/1 HTTP/1.1" 200 8337
::1 - - [05/Oct/2024:06:19:14 +0000] "GET /api/products/categorywise/2 HTTP/1.1" 200 1540
::1 - - [05/Oct/2024:06:19:24 +0000] "GET /api/products/categorywise/3 HTTP/1.1" 200 2
::1 - - [05/Oct/2024:06:19:28 +0000] "GET /api/products/categorywise/2 HTTP/1.1" 200 1540
::1 - - [05/Oct/2024:06:32:07 +0000] "GET /api/category HTTP/1.1" 304 -
::1 - - [05/Oct/2024:06:32:07 +0000] "GET /api/category HTTP/1.1" 304 -
::1 - - [05/Oct/2024:06:32:08 +0000] "GET /api/products HTTP/1.1" 304 -
::1 - - [05/Oct/2024:06:32:08 +0000] "GET /api/products HTTP/1.1" 304 -
::1 - - [05/Oct/2024:06:32:09 +0000] "GET /api/category HTTP/1.1" 304 -
::1 - - [05/Oct/2024:06:32:09 +0000] "GET /api/category HTTP/1.1" 304 -
::1 - - [05/Oct/2024:06:53:14 +0000] "GET /api/category HTTP/1.1" 304 -
::1 - - [05/Oct/2024:06:53:14 +0000] "GET /api/category HTTP/1.1" 304 -
::1 - - [05/Oct/2024:06:53:34 +0000] "GET /api/products/categorywise/2 HTTP/1.1" 200 1540
::1 - - [05/Oct/2024:06:53:46 +0000] "GET /api/category HTTP/1.1" 304 -
::1 - - [05/Oct/2024:06:53:46 +0000] "GET /api/category HTTP/1.1" 304 -
::1 - - [05/Oct/2024:06:54:10 +0000] "GET /api/category HTTP/1.1" 304 -
::1 - - [05/Oct/2024:06:54:10 +0000] "GET /api/category HTTP/1.1" 304 -
::1 - - [05/Oct/2024:06:54:19 +0000] "GET /api/category HTTP/1.1" 304 -
::1 - - [05/Oct/2024:06:54:19 +0000] "GET /api/category HTTP/1.1" 304 -
::1 - - [05/Oct/2024:06:56:01 +0000] "GET /api/category HTTP/1.1" 304 -
::1 - - [05/Oct/2024:06:56:01 +0000] "GET /api/category HTTP/1.1" 304 -
::1 - - [05/Oct/2024:06:56:17 +0000] "GET /api/category HTTP/1.1" 200 455
::1 - - [05/Oct/2024:06:56:17 +0000] "GET /api/category HTTP/1.1" 304 -
::1 - - [05/Oct/2024:06:56:33 +0000] "GET /api/category HTTP/1.1" 304 -
::1 - - [05/Oct/2024:06:56:33 +0000] "GET /api/category HTTP/1.1" 304 -
::1 - - [05/Oct/2024:07:36:53 +0000] "GET /api/products HTTP/1.1" 200 9876
::1 - - [05/Oct/2024:07:36:54 +0000] "GET /api/products HTTP/1.1" 304 -
::1 - - [05/Oct/2024:07:36:56 +0000] "GET /api/category HTTP/1.1" 304 -
::1 - - [05/Oct/2024:07:36:56 +0000] "GET /api/category HTTP/1.1" 304 -
::1 - - [05/Oct/2024:07:37:08 +0000] "GET /products/categorywise/2 HTTP/1.1" 404 162
::1 - - [05/Oct/2024:07:37:08 +0000] "GET /products/categorywise/2 HTTP/1.1" 404 162
::1 - - [05/Oct/2024:07:37:58 +0000] "GET /api/category HTTP/1.1" 304 -
::1 - - [05/Oct/2024:07:37:58 +0000] "GET /api/category HTTP/1.1" 304 -
::1 - - [05/Oct/2024:07:38:10 +0000] "GET /products/categorywise/1 HTTP/1.1" 404 162
::1 - - [05/Oct/2024:07:38:10 +0000] "GET /products/categorywise/1 HTTP/1.1" 404 162
::1 - - [05/Oct/2024:07:38:50 +0000] "GET /api/products/categorywise/2 HTTP/1.1" 200 1540
::1 - - [05/Oct/2024:07:39:36 +0000] "GET /products/categorywise/1 HTTP/1.1" 404 162
::1 - - [05/Oct/2024:07:39:43 +0000] "GET /products/categorywise/1 HTTP/1.1" 404 162
::1 - - [05/Oct/2024:07:39:50 +0000] "GET /products/categorywise/1 HTTP/1.1" 404 162
::1 - - [05/Oct/2024:07:39:52 +0000] "GET /products/categorywise/1 HTTP/1.1" 404 162
::1 - - [05/Oct/2024:07:39:56 +0000] "GET /api/category HTTP/1.1" 304 -
::1 - - [05/Oct/2024:07:39:56 +0000] "GET /api/category HTTP/1.1" 304 -
::1 - - [05/Oct/2024:07:40:08 +0000] "GET /products/categorywise/3 HTTP/1.1" 404 162
::1 - - [05/Oct/2024:07:40:08 +0000] "GET /products/categorywise/3 HTTP/1.1" 404 162
::1 - - [05/Oct/2024:07:40:11 +0000] "GET /api/category HTTP/1.1" 304 -
::1 - - [05/Oct/2024:07:40:11 +0000] "GET /api/category HTTP/1.1" 304 -
::1 - - [05/Oct/2024:07:40:25 +0000] "GET /products/categorywise/1 HTTP/1.1" 404 162
::1 - - [05/Oct/2024:07:40:25 +0000] "GET /products/categorywise/1 HTTP/1.1" 404 162
::1 - - [05/Oct/2024:07:40:46 +0000] "GET /api/products/categorywise/2 HTTP/1.1" 200 1540
::1 - - [05/Oct/2024:07:40:59 +0000] "GET /api/products/categorywise/1 HTTP/1.1" 200 8337
::1 - - [05/Oct/2024:07:41:05 +0000] "GET /api/category HTTP/1.1" 304 -
::1 - - [05/Oct/2024:07:41:05 +0000] "GET /api/category HTTP/1.1" 304 -
::1 - - [05/Oct/2024:07:41:17 +0000] "GET /api/products/categorywise/2 HTTP/1.1" 200 1540
::1 - - [05/Oct/2024:07:41:17 +0000] "GET /api/products/categorywise/2 HTTP/1.1" 304 -
::1 - - [05/Oct/2024:07:41:59 +0000] "GET /api/category HTTP/1.1" 304 -
::1 - - [05/Oct/2024:07:41:59 +0000] "GET /api/category HTTP/1.1" 304 -
::1 - - [05/Oct/2024:07:42:11 +0000] "GET /api/products/categorywise/1 HTTP/1.1" 304 -
::1 - - [05/Oct/2024:07:42:11 +0000] "GET /api/products/categorywise/1 HTTP/1.1" 304 -
::1 - - [05/Oct/2024:07:42:33 +0000] "GET /api/category HTTP/1.1" 304 -
::1 - - [05/Oct/2024:07:42:33 +0000] "GET /api/category HTTP/1.1" 304 -
::1 - - [05/Oct/2024:07:42:45 +0000] "GET /api/products/categorywise/2 HTTP/1.1" 304 -
::1 - - [05/Oct/2024:07:42:45 +0000] "GET /api/products/categorywise/2 HTTP/1.1" 304 -
::1 - - [05/Oct/2024:07:42:52 +0000] "GET /api/products HTTP/1.1" 304 -
::1 - - [05/Oct/2024:07:42:52 +0000] "GET /api/products HTTP/1.1" 304 -
::1 - - [05/Oct/2024:07:42:54 +0000] "GET /api/products/categorywise/2 HTTP/1.1" 304 -
::1 - - [05/Oct/2024:07:42:54 +0000] "GET /api/products/categorywise/2 HTTP/1.1" 304 -
